<?xml version="1.0" encoding="UTF-8"?>
<testsuite xmlns:xsi="http://www.w3.org/2001/XMLSchema-instance" xsi:noNamespaceSchemaLocation="https://maven.apache.org/surefire/maven-surefire-plugin/xsd/surefire-test-report.xsd" name="lapr.project.controller.BaseControllerTest" time="2.481" tests="65" errors="0" skipped="0" failures="0">
  <properties>
    <property name="sun.desktop" value="windows"/>
    <property name="awt.toolkit" value="sun.awt.windows.WToolkit"/>
    <property name="file.encoding.pkg" value="sun.io"/>
    <property name="java.specification.version" value="1.8"/>
    <property name="sun.cpu.isalist" value="amd64"/>
    <property name="sun.jnu.encoding" value="Cp1252"/>
    <property name="java.class.path" value="C:\Users\Fábio Silva\Documents\ISEP\3º Semestre\LAPR\lapr3-2020-g011\target\test-classes;C:\Users\Fábio Silva\Documents\ISEP\3º Semestre\LAPR\lapr3-2020-g011\target\classes;C:\Users\Fábio Silva\.m2\repository\com\oracle\ojdbc\ojdbc8\19.3.0.0\ojdbc8-19.3.0.0.jar;C:\Users\Fábio Silva\.m2\repository\com\oracle\ojdbc\ucp\19.3.0.0\ucp-19.3.0.0.jar;C:\Users\Fábio Silva\.m2\repository\com\oracle\ojdbc\oraclepki\19.3.0.0\oraclepki-19.3.0.0.jar;C:\Users\Fábio Silva\.m2\repository\com\oracle\ojdbc\osdt_cert\19.3.0.0\osdt_cert-19.3.0.0.jar;C:\Users\Fábio Silva\.m2\repository\com\oracle\ojdbc\osdt_core\19.3.0.0\osdt_core-19.3.0.0.jar;C:\Users\Fábio Silva\.m2\repository\com\oracle\ojdbc\simplefan\19.3.0.0\simplefan-19.3.0.0.jar;C:\Users\Fábio Silva\.m2\repository\com\oracle\ojdbc\ons\19.3.0.0\ons-19.3.0.0.jar;C:\Users\Fábio Silva\.m2\repository\junit\junit\4.11\junit-4.11.jar;C:\Users\Fábio Silva\.m2\repository\org\hamcrest\hamcrest-core\1.3\hamcrest-core-1.3.jar;C:\Users\Fábio Silva\.m2\repository\org\junit\jupiter\junit-jupiter-api\5.7.0\junit-jupiter-api-5.7.0.jar;C:\Users\Fábio Silva\.m2\repository\org\apiguardian\apiguardian-api\1.1.0\apiguardian-api-1.1.0.jar;C:\Users\Fábio Silva\.m2\repository\org\opentest4j\opentest4j\1.2.0\opentest4j-1.2.0.jar;C:\Users\Fábio Silva\.m2\repository\org\junit\platform\junit-platform-commons\1.7.0\junit-platform-commons-1.7.0.jar;C:\Users\Fábio Silva\.m2\repository\org\junit\jupiter\junit-jupiter-engine\5.7.0\junit-jupiter-engine-5.7.0.jar;C:\Users\Fábio Silva\.m2\repository\org\junit\platform\junit-platform-engine\1.7.0\junit-platform-engine-1.7.0.jar;C:\Users\Fábio Silva\.m2\repository\org\xmlunit\xmlunit-core\2.8.2\xmlunit-core-2.8.2.jar;C:\Users\Fábio Silva\.m2\repository\org\xmlunit\xmlunit-matchers\2.8.2\xmlunit-matchers-2.8.2.jar;C:\Users\Fábio Silva\.m2\repository\javax\mail\mail\1.5.0-b01\mail-1.5.0-b01.jar;C:\Users\Fábio Silva\.m2\repository\javax\activation\activation\1.1\activation-1.1.jar;C:\Users\Fábio Silva\.m2\repository\org\mockito\mockito-core\3.6.28\mockito-core-3.6.28.jar;C:\Users\Fábio Silva\.m2\repository\net\bytebuddy\byte-buddy\1.10.18\byte-buddy-1.10.18.jar;C:\Users\Fábio Silva\.m2\repository\net\bytebuddy\byte-buddy-agent\1.10.18\byte-buddy-agent-1.10.18.jar;C:\Users\Fábio Silva\.m2\repository\org\objenesis\objenesis\3.1\objenesis-3.1.jar;"/>
    <property name="java.vm.vendor" value="Oracle Corporation"/>
    <property name="sun.arch.data.model" value="64"/>
    <property name="user.variant" value=""/>
    <property name="java.vendor.url" value="http://java.oracle.com/"/>
    <property name="user.timezone" value="Europe/London"/>
    <property name="java.vm.specification.version" value="1.8"/>
    <property name="os.name" value="Windows 10"/>
    <property name="sun.java.launcher" value="SUN_STANDARD"/>
    <property name="user.country" value="PT"/>
    <property name="sun.boot.library.path" value="C:\Program Files\Java\jdk1.8.0_251\jre\bin"/>
    <property name="sun.java.command" value="C:\Users\FBIOSI~1\AppData\Local\Temp\surefire1658497166210876887\surefirebooter4860797838577128940.jar C:\Users\Fábio Silva\AppData\Local\Temp\surefire1658497166210876887 2021-01-31T23-05-27_898-jvmRun1 surefire6425369598247405022tmp surefire_06265988633013275123tmp"/>
    <property name="surefire.test.class.path" value="C:\Users\Fábio Silva\Documents\ISEP\3º Semestre\LAPR\lapr3-2020-g011\target\test-classes;C:\Users\Fábio Silva\Documents\ISEP\3º Semestre\LAPR\lapr3-2020-g011\target\classes;C:\Users\Fábio Silva\.m2\repository\com\oracle\ojdbc\ojdbc8\19.3.0.0\ojdbc8-19.3.0.0.jar;C:\Users\Fábio Silva\.m2\repository\com\oracle\ojdbc\ucp\19.3.0.0\ucp-19.3.0.0.jar;C:\Users\Fábio Silva\.m2\repository\com\oracle\ojdbc\oraclepki\19.3.0.0\oraclepki-19.3.0.0.jar;C:\Users\Fábio Silva\.m2\repository\com\oracle\ojdbc\osdt_cert\19.3.0.0\osdt_cert-19.3.0.0.jar;C:\Users\Fábio Silva\.m2\repository\com\oracle\ojdbc\osdt_core\19.3.0.0\osdt_core-19.3.0.0.jar;C:\Users\Fábio Silva\.m2\repository\com\oracle\ojdbc\simplefan\19.3.0.0\simplefan-19.3.0.0.jar;C:\Users\Fábio Silva\.m2\repository\com\oracle\ojdbc\ons\19.3.0.0\ons-19.3.0.0.jar;C:\Users\Fábio Silva\.m2\repository\junit\junit\4.11\junit-4.11.jar;C:\Users\Fábio Silva\.m2\repository\org\hamcrest\hamcrest-core\1.3\hamcrest-core-1.3.jar;C:\Users\Fábio Silva\.m2\repository\org\junit\jupiter\junit-jupiter-api\5.7.0\junit-jupiter-api-5.7.0.jar;C:\Users\Fábio Silva\.m2\repository\org\apiguardian\apiguardian-api\1.1.0\apiguardian-api-1.1.0.jar;C:\Users\Fábio Silva\.m2\repository\org\opentest4j\opentest4j\1.2.0\opentest4j-1.2.0.jar;C:\Users\Fábio Silva\.m2\repository\org\junit\platform\junit-platform-commons\1.7.0\junit-platform-commons-1.7.0.jar;C:\Users\Fábio Silva\.m2\repository\org\junit\jupiter\junit-jupiter-engine\5.7.0\junit-jupiter-engine-5.7.0.jar;C:\Users\Fábio Silva\.m2\repository\org\junit\platform\junit-platform-engine\1.7.0\junit-platform-engine-1.7.0.jar;C:\Users\Fábio Silva\.m2\repository\org\xmlunit\xmlunit-core\2.8.2\xmlunit-core-2.8.2.jar;C:\Users\Fábio Silva\.m2\repository\org\xmlunit\xmlunit-matchers\2.8.2\xmlunit-matchers-2.8.2.jar;C:\Users\Fábio Silva\.m2\repository\javax\mail\mail\1.5.0-b01\mail-1.5.0-b01.jar;C:\Users\Fábio Silva\.m2\repository\javax\activation\activation\1.1\activation-1.1.jar;C:\Users\Fábio Silva\.m2\repository\org\mockito\mockito-core\3.6.28\mockito-core-3.6.28.jar;C:\Users\Fábio Silva\.m2\repository\net\bytebuddy\byte-buddy\1.10.18\byte-buddy-1.10.18.jar;C:\Users\Fábio Silva\.m2\repository\net\bytebuddy\byte-buddy-agent\1.10.18\byte-buddy-agent-1.10.18.jar;C:\Users\Fábio Silva\.m2\repository\org\objenesis\objenesis\3.1\objenesis-3.1.jar;"/>
    <property name="sun.cpu.endian" value="little"/>
    <property name="user.home" value="C:\Users\Fábio Silva"/>
    <property name="user.language" value="pt"/>
    <property name="java.specification.vendor" value="Oracle Corporation"/>
    <property name="java.home" value="C:\Program Files\Java\jdk1.8.0_251\jre"/>
    <property name="basedir" value="C:\Users\Fábio Silva\Documents\ISEP\3º Semestre\LAPR\lapr3-2020-g011"/>
    <property name="file.separator" value="\"/>
    <property name="line.separator" value="&#10;"/>
    <property name="java.vm.specification.vendor" value="Oracle Corporation"/>
    <property name="java.specification.name" value="Java Platform API Specification"/>
    <property name="java.awt.graphicsenv" value="sun.awt.Win32GraphicsEnvironment"/>
    <property name="surefire.real.class.path" value="C:\Users\FBIOSI~1\AppData\Local\Temp\surefire1658497166210876887\surefirebooter4860797838577128940.jar;C:\\Users\\Fábio Silva\\.m2\\repository\\org\\jacoco\\org.jacoco.agent\\0.8.6\\org.jacoco.agent-0.8.6-runtime.jar"/>
    <property name="sun.boot.class.path" value="C:\Program Files\Java\jdk1.8.0_251\jre\lib\resources.jar;C:\Program Files\Java\jdk1.8.0_251\jre\lib\rt.jar;C:\Program Files\Java\jdk1.8.0_251\jre\lib\sunrsasign.jar;C:\Program Files\Java\jdk1.8.0_251\jre\lib\jsse.jar;C:\Program Files\Java\jdk1.8.0_251\jre\lib\jce.jar;C:\Program Files\Java\jdk1.8.0_251\jre\lib\charsets.jar;C:\Program Files\Java\jdk1.8.0_251\jre\lib\jfr.jar;C:\Program Files\Java\jdk1.8.0_251\jre\classes"/>
    <property name="user.script" value=""/>
    <property name="sun.management.compiler" value="HotSpot 64-Bit Tiered Compilers"/>
    <property name="java.runtime.version" value="1.8.0_251-b08"/>
    <property name="user.name" value="Fábio Silva"/>
    <property name="path.separator" value=";"/>
    <property name="os.version" value="10.0"/>
    <property name="java.endorsed.dirs" value="C:\Program Files\Java\jdk1.8.0_251\jre\lib\endorsed"/>
    <property name="java.runtime.name" value="Java(TM) SE Runtime Environment"/>
    <property name="file.encoding" value="UTF-8"/>
    <property name="java.vm.name" value="Java HotSpot(TM) 64-Bit Server VM"/>
    <property name="maven.ext.class.path" value="C:\Program Files\NetBeans-11.3\netbeans\java\maven-nblib\netbeans-eventspy.jar"/>
    <property name="localRepository" value="C:\Users\Fábio Silva\.m2\repository"/>
    <property name="java.vendor.url.bug" value="http://bugreport.sun.com/bugreport/"/>
    <property name="java.io.tmpdir" value="C:\Users\FBIOSI~1\AppData\Local\Temp\"/>
    <property name="java.version" value="1.8.0_251"/>
    <property name="user.dir" value="C:\Users\Fábio Silva\Documents\ISEP\3º Semestre\LAPR\lapr3-2020-g011"/>
    <property name="os.arch" value="amd64"/>
    <property name="java.vm.specification.name" value="Java Virtual Machine Specification"/>
    <property name="java.awt.printerjob" value="sun.awt.windows.WPrinterJob"/>
    <property name="sun.os.patch.level" value=""/>
    <property name="java.library.path" value="C:\Program Files\Java\jdk1.8.0_251\jre\bin;C:\WINDOWS\Sun\Java\bin;C:\WINDOWS\system32;C:\WINDOWS;C:\Program Files (x86)\Common Files\Oracle\Java\javapath;C:\Program Files (x86)\Intel\iCLS Client\;C:\Program Files\Intel\iCLS Client\;C:\WINDOWS\system32;C:\WINDOWS;C:\WINDOWS\System32\Wbem;C:\WINDOWS\System32\WindowsPowerShell\v1.0\;C:\Program Files (x86)\Intel\Intel(R) Management Engine Components\DAL;C:\Program Files\Intel\Intel(R) Management Engine Components\DAL;C:\Program Files (x86)\Intel\Intel(R) Management Engine Components\IPT;C:\Program Files\Intel\Intel(R) Management Engine Components\IPT;C:\WINDOWS\System32\OpenSSH\;C:\Program Files\Intel\WiFi\bin\;C:\Program Files\Common Files\Intel\WirelessCommon\;C:\Program Files\Java\jdk1.8.0_251;C:\Program Files\Git\cmd;C:\Program Files\nodejs\;C:\Users\Fábio Silva\AppData\Local\Microsoft\WindowsApps;;C:\Users\Fábio Silva\AppData\Local\Programs\Microsoft VS Code\bin;C:\Users\Fábio Silva\AppData\Roaming\npm;."/>
    <property name="java.vm.info" value="mixed mode"/>
    <property name="java.vendor" value="Oracle Corporation"/>
    <property name="java.vm.version" value="25.251-b08"/>
    <property name="java.ext.dirs" value="C:\Program Files\Java\jdk1.8.0_251\jre\lib\ext;C:\WINDOWS\Sun\Java\lib\ext"/>
    <property name="sun.io.unicode.encoding" value="UnicodeLittle"/>
    <property name="java.class.version" value="52.0"/>
  </properties>
  <testcase name="testAdicionarDroneNotOk" classname="lapr.project.controller.BaseControllerTest" time="1.753"/>
  <testcase name="testGetAllParques" classname="lapr.project.controller.BaseControllerTest" time="0.06"/>
  <testcase name="testLoginAdminEmpty" classname="lapr.project.controller.BaseControllerTest" time="0.079"/>
  <testcase name="testLoginUtilizadorEmailEmpty" classname="lapr.project.controller.BaseControllerTest" time="0.005"/>
  <testcase name="testLoginAdminNotOk" classname="lapr.project.controller.BaseControllerTest" time="0.003"/>
  <testcase name="testGetAllArtigos" classname="lapr.project.controller.BaseControllerTest" time="0.096"/>
  <testcase name="testNovoEstafeta" classname="lapr.project.controller.BaseControllerTest" time="0.006"/>
  <testcase name="testAtualizarScooter" classname="lapr.project.controller.BaseControllerTest" time="0.082"/>
  <testcase name="testLoginUtilizadorPasswordEmpty" classname="lapr.project.controller.BaseControllerTest" time="0"/>
  <testcase name="testValidarAdminEmptyEmail" classname="lapr.project.controller.BaseControllerTest" time="0.002"/>
  <testcase name="testRemoverScooterNotOk" classname="lapr.project.controller.BaseControllerTest" time="0.003"/>
  <testcase name="testValidarAdminNotOk" classname="lapr.project.controller.BaseControllerTest" time="0.001"/>
  <testcase name="testTransferirProduto" classname="lapr.project.controller.BaseControllerTest" time="0.003"/>
  <testcase name="testGetEncomendasPendentes" classname="lapr.project.controller.BaseControllerTest" time="0.054"/>
  <testcase name="testGetEmailClienteByEncomenda" classname="lapr.project.controller.BaseControllerTest" time="0.067"/>
  <testcase name="testNovoCliente" classname="lapr.project.controller.BaseControllerTest" time="0.004"/>
  <testcase name="testLoginAdminPasswordEmpty" classname="lapr.project.controller.BaseControllerTest" time="0.007"/>
  <testcase name="testGetLocalFarmaciaById" classname="lapr.project.controller.BaseControllerTest" time="0.039"/>
  <testcase name="testGetScooterParaEntrega" classname="lapr.project.controller.BaseControllerTest" time="0.004"/>
  <testcase name="testAtualizarDroneNotOk" classname="lapr.project.controller.BaseControllerTest" time="0.003"/>
  <testcase name="testTransferirProdutoNotOk" classname="lapr.project.controller.BaseControllerTest" time="0.002"/>
  <testcase name="testGetDroneByNrRegisto" classname="lapr.project.controller.BaseControllerTest" time="0.002"/>
  <testcase name="testAtualizarFarmaciaNotOk" classname="lapr.project.controller.BaseControllerTest" time="0.005"/>
  <testcase name="testRemoverFarmaciaNotOk" classname="lapr.project.controller.BaseControllerTest" time="0.007"/>
  <testcase name="testGetScooterByMatricula" classname="lapr.project.controller.BaseControllerTest" time="0.003"/>
  <testcase name="testUpdateStockArtigo" classname="lapr.project.controller.BaseControllerTest" time="0.002"/>
  <testcase name="testLoginUtilizador" classname="lapr.project.controller.BaseControllerTest" time="0.002"/>
  <testcase name="testLoginUtilizadorEmpty" classname="lapr.project.controller.BaseControllerTest" time="0.004"/>
  <testcase name="testLoginUtilizadorNotOk" classname="lapr.project.controller.BaseControllerTest" time="0.003"/>
  <testcase name="testGetScooterById" classname="lapr.project.controller.BaseControllerTest" time="0.001"/>
  <testcase name="testUpdateStockArtigoNotOk" classname="lapr.project.controller.BaseControllerTest" time="0.011"/>
  <testcase name="testAdicionarScooterNotOk" classname="lapr.project.controller.BaseControllerTest" time="0.001"/>
  <testcase name="testNovoClienteNotOk" classname="lapr.project.controller.BaseControllerTest" time="0.002"/>
  <testcase name="testUpdateCapacidadeParqueNotOk" classname="lapr.project.controller.BaseControllerTest" time="0.003"/>
  <testcase name="testGetDroneById" classname="lapr.project.controller.BaseControllerTest" time="0.003"/>
  <testcase name="testGetClienteByNif" classname="lapr.project.controller.BaseControllerTest" time="0.006"/>
  <testcase name="testNovaFarmacia" classname="lapr.project.controller.BaseControllerTest" time="0.001"/>
  <testcase name="testAdicionarDrone" classname="lapr.project.controller.BaseControllerTest" time="0.002"/>
  <testcase name="testLoginAdminEmailEmpty" classname="lapr.project.controller.BaseControllerTest" time="0.002"/>
  <testcase name="testAdicionarScooter" classname="lapr.project.controller.BaseControllerTest" time="0.003"/>
  <testcase name="testGetIdFarmaciaPorUtilizador" classname="lapr.project.controller.BaseControllerTest" time="0.004"/>
  <testcase name="testGetStockArtigo" classname="lapr.project.controller.BaseControllerTest" time="0.002"/>
  <testcase name="testGetEstafetaDisponivelParaEntrega" classname="lapr.project.controller.BaseControllerTest" time="0.003"/>
  <testcase name="testUpdateCapacidadeParque" classname="lapr.project.controller.BaseControllerTest" time="0.002"/>
  <testcase name="testRemoverDroneNotOk" classname="lapr.project.controller.BaseControllerTest" time="0.003"/>
  <testcase name="testRemoverDrone" classname="lapr.project.controller.BaseControllerTest" time="0.001"/>
  <testcase name="testRegistarEntrega" classname="lapr.project.controller.BaseControllerTest" time="0.003"/>
  <testcase name="testRemoverFarmacia" classname="lapr.project.controller.BaseControllerTest" time="0.003"/>
  <testcase name="testGetOcupacaoEstafetaNotOk" classname="lapr.project.controller.BaseControllerTest" time="0.003"/>
  <testcase name="testGetOcupacaoEstafeta" classname="lapr.project.controller.BaseControllerTest" time="0.001"/>
  <testcase name="testGetDroneParaEntrega" classname="lapr.project.controller.BaseControllerTest" time="0.004"/>
  <testcase name="testGetAllFarmacias" classname="lapr.project.controller.BaseControllerTest" time="0.005"/>
  <testcase name="testAtualizarScooterNotOk" classname="lapr.project.controller.BaseControllerTest" time="0.001"/>
  <testcase name="testRemoverScooter" classname="lapr.project.controller.BaseControllerTest" time="0.002"/>
  <testcase name="testLoginAdmin" classname="lapr.project.controller.BaseControllerTest" time="0.002"/>
  <testcase name="testRemoverParqueNotOk" classname="lapr.project.controller.BaseControllerTest" time="0.002"/>
  <testcase name="testGetArtigoById" classname="lapr.project.controller.BaseControllerTest" time="0.002"/>
  <testcase name="testCriarEncomenda" classname="lapr.project.controller.BaseControllerTest" time="0.002"/>
  <testcase name="testRemoverParque" classname="lapr.project.controller.BaseControllerTest" time="0.002"/>
  <testcase name="testAtualizarFarmacia" classname="lapr.project.controller.BaseControllerTest" time="0.002"/>
  <testcase name="testGetClienteByNifNull" classname="lapr.project.controller.BaseControllerTest" time="0.001"/>
  <testcase name="testGetIdEnderecoPorFarmacia" classname="lapr.project.controller.BaseControllerTest" time="0.002"/>
  <testcase name="testValidarAdmin" classname="lapr.project.controller.BaseControllerTest" time="0.002"/>
  <testcase name="testAtualizarDrone" classname="lapr.project.controller.BaseControllerTest" time="0.003"/>
  <testcase name="testCriarParque" classname="lapr.project.controller.BaseControllerTest" time="0.002"/>
</testsuite>